[2026-01-25 12:04:35.826121023 UTC][ERROR][data] Boş candle datası - işlem atlandı
[2026-01-25 12:04:35.826158938 UTC][INFO][metrics] TotalPnL: 0.00, WinRate: 0.00%, MaxDrawdown: 0.00%
[2026-01-25 12:05:23.953327105 UTC][ERROR][data] Boş candle datası - işlem atlandı
[2026-01-25 12:05:23.953362747 UTC][INFO][metrics] TotalPnL: 0.00, WinRate: 0.00%, MaxDrawdown: 0.00%
[2026-01-26 07:06:36.632696119 UTC][ERROR][data] Boş candle datası - işlem atlandı
[2026-01-26 07:06:36.632840910 UTC][INFO][metrics] TotalPnL: 0.00, WinRate: 0.00%, MaxDrawdown: 0.00%
[2026-01-26 07:06:46.633575917 UTC][ERROR][data] Boş candle datası - işlem atlandı
[2026-01-26 07:06:46.633654585 UTC][INFO][metrics] TotalPnL: 0.00, WinRate: 0.00%, MaxDrawdown: 0.00%
[2026-01-26 07:06:56.634689981 UTC][ERROR][data] Boş candle datası - işlem atlandı
[2026-01-26 07:06:56.634890089 UTC][INFO][metrics] TotalPnL: 0.00, WinRate: 0.00%, MaxDrawdown: 0.00%
[2026-01-26 07:07:06.635455654 UTC][ERROR][data] Boş candle datası - işlem atlandı
[2026-01-26 07:07:06.635527729 UTC][INFO][metrics] TotalPnL: 0.00, WinRate: 0.00%, MaxDrawdown: 0.00%
[2026-01-26 07:07:16.636210121 UTC][ERROR][data] Boş candle datası - işlem atlandı
[2026-01-26 07:07:16.636285189 UTC][INFO][metrics] TotalPnL: 0.00, WinRate: 0.00%, MaxDrawdown: 0.00%
[2026-01-26 07:07:26.637749651 UTC][ERROR][data] Boş candle datası - işlem atlandı
[2026-01-26 07:07:26.637816858 UTC][INFO][metrics] TotalPnL: 0.00, WinRate: 0.00%, MaxDrawdown: 0.00%
[2026-01-26 07:07:36.639290634 UTC][ERROR][data] Boş candle datası - işlem atlandı
[2026-01-26 07:07:36.639451677 UTC][INFO][metrics] TotalPnL: 0.00, WinRate: 0.00%, MaxDrawdown: 0.00%
[2026-01-26 07:25:50.963017294 UTC][ERROR][data] Boş candle datası - işlem atlandı
[2026-01-26 07:25:50.963055692 UTC][INFO][metrics] TotalPnL: 0.00, WinRate: 0.00%, MaxDrawdown: 0.00%
[2026-01-26 07:26:00.964054103 UTC][ERROR][data] Boş candle datası - işlem atlandı
[2026-01-26 07:26:00.964112716 UTC][INFO][metrics] TotalPnL: 0.00, WinRate: 0.00%, MaxDrawdown: 0.00%
[2026-01-26 07:26:10.964938912 UTC][ERROR][data] Boş candle datası - işlem atlandı
[2026-01-26 07:26:10.965016204 UTC][INFO][metrics] TotalPnL: 0.00, WinRate: 0.00%, MaxDrawdown: 0.00%
[2026-01-26 07:26:20.965714840 UTC][ERROR][data] Boş candle datası - işlem atlandı
[2026-01-26 07:26:20.965806431 UTC][INFO][metrics] TotalPnL: 0.00, WinRate: 0.00%, MaxDrawdown: 0.00%
[2026-01-26 07:26:30.967311853 UTC][ERROR][data] Boş candle datası - işlem atlandı
[2026-01-26 07:26:30.967381703 UTC][INFO][metrics] TotalPnL: 0.00, WinRate: 0.00%, MaxDrawdown: 0.00%
[2026-01-26 07:26:40.968016360 UTC][ERROR][data] Boş candle datası - işlem atlandı
[2026-01-26 07:26:40.968172472 UTC][INFO][metrics] TotalPnL: 0.00, WinRate: 0.00%, MaxDrawdown: 0.00%
[2026-01-26 07:26:50.968742490 UTC][ERROR][data] Boş candle datası - işlem atlandı
[2026-01-26 07:26:50.968809429 UTC][INFO][metrics] TotalPnL: 0.00, WinRate: 0.00%, MaxDrawdown: 0.00%
[2026-01-26 07:27:00.970449245 UTC][ERROR][data] Boş candle datası - işlem atlandı
[2026-01-26 07:27:00.970516503 UTC][INFO][metrics] TotalPnL: 0.00, WinRate: 0.00%, MaxDrawdown: 0.00%
[2026-01-26 07:27:10.971990521 UTC][ERROR][data] Boş candle datası - işlem atlandı
[2026-01-26 07:27:10.972059390 UTC][INFO][metrics] TotalPnL: 0.00, WinRate: 0.00%, MaxDrawdown: 0.00%
[2026-01-26 07:27:20.973539576 UTC][ERROR][data] Boş candle datası - işlem atlandı
[2026-01-26 07:27:20.973675511 UTC][INFO][metrics] TotalPnL: 0.00, WinRate: 0.00%, MaxDrawdown: 0.00%
[2026-01-26 07:27:30.975106060 UTC][ERROR][data] Boş candle datası - işlem atlandı
[2026-01-26 07:27:30.975176428 UTC][INFO][metrics] TotalPnL: 0.00, WinRate: 0.00%, MaxDrawdown: 0.00%
[2026-01-26 07:27:40.976484002 UTC][ERROR][data] Boş candle datası - işlem atlandı
[2026-01-26 07:27:40.976557841 UTC][INFO][metrics] TotalPnL: 0.00, WinRate: 0.00%, MaxDrawdown: 0.00%
[2026-01-26 07:27:50.977741352 UTC][ERROR][data] Boş candle datası - işlem atlandı
[2026-01-26 07:27:50.977810837 UTC][INFO][metrics] TotalPnL: 0.00, WinRate: 0.00%, MaxDrawdown: 0.00%
[2026-01-26 07:28:00.981943262 UTC][ERROR][data] Boş candle datası - işlem atlandı
[2026-01-26 07:28:00.984913892 UTC][INFO][metrics] TotalPnL: 0.00, WinRate: 0.00%, MaxDrawdown: 0.00%
[2026-01-26 07:28:10.986405045 UTC][ERROR][data] Boş candle datası - işlem atlandı
[2026-01-26 07:28:10.986480310 UTC][INFO][metrics] TotalPnL: 0.00, WinRate: 0.00%, MaxDrawdown: 0.00%
[2026-01-26 07:28:20.987995423 UTC][ERROR][data] Boş candle datası - işlem atlandı
[2026-01-26 07:28:20.988072253 UTC][INFO][metrics] TotalPnL: 0.00, WinRate: 0.00%, MaxDrawdown: 0.00%
[2026-01-26 07:28:30.989573751 UTC][ERROR][data] Boş candle datası - işlem atlandı
[2026-01-26 07:28:30.989653697 UTC][INFO][metrics] TotalPnL: 0.00, WinRate: 0.00%, MaxDrawdown: 0.00%
[2026-01-26 07:28:40.991377301 UTC][ERROR][data] Boş candle datası - işlem atlandı
[2026-01-26 07:28:40.991453867 UTC][INFO][metrics] TotalPnL: 0.00, WinRate: 0.00%, MaxDrawdown: 0.00%
[2026-01-26 07:28:50.992897832 UTC][ERROR][data] Boş candle datası - işlem atlandı
[2026-01-26 07:28:50.992968157 UTC][INFO][metrics] TotalPnL: 0.00, WinRate: 0.00%, MaxDrawdown: 0.00%
[2026-01-26 07:29:00.994049969 UTC][ERROR][data] Boş candle datası - işlem atlandı
[2026-01-26 07:29:00.994127895 UTC][INFO][metrics] TotalPnL: 0.00, WinRate: 0.00%, MaxDrawdown: 0.00%
[2026-01-26 07:29:10.994720101 UTC][ERROR][data] Boş candle datası - işlem atlandı
[2026-01-26 07:29:10.994789950 UTC][INFO][metrics] TotalPnL: 0.00, WinRate: 0.00%, MaxDrawdown: 0.00%
[2026-01-26 07:29:20.996380667 UTC][ERROR][data] Boş candle datası - işlem atlandı
[2026-01-26 07:29:20.996455392 UTC][INFO][metrics] TotalPnL: 0.00, WinRate: 0.00%, MaxDrawdown: 0.00%
[2026-01-26 07:29:30.997832276 UTC][ERROR][data] Boş candle datası - işlem atlandı
[2026-01-26 07:29:30.997920153 UTC][INFO][metrics] TotalPnL: 0.00, WinRate: 0.00%, MaxDrawdown: 0.00%
[2026-01-26 07:29:40.999405928 UTC][ERROR][data] Boş candle datası - işlem atlandı
[2026-01-26 07:29:40.999483379 UTC][INFO][metrics] TotalPnL: 0.00, WinRate: 0.00%, MaxDrawdown: 0.00%
[2026-01-26 07:29:51.001157556 UTC][ERROR][data] Boş candle datası - işlem atlandı
[2026-01-26 07:29:51.001231177 UTC][INFO][metrics] TotalPnL: 0.00, WinRate: 0.00%, MaxDrawdown: 0.00%
[2026-01-26 07:30:01.002552741 UTC][ERROR][data] Boş candle datası - işlem atlandı
[2026-01-26 07:30:01.002610677 UTC][INFO][metrics] TotalPnL: 0.00, WinRate: 0.00%, MaxDrawdown: 0.00%
[2026-01-26 07:30:11.004064470 UTC][ERROR][data] Boş candle datası - işlem atlandı
[2026-01-26 07:30:11.004137139 UTC][INFO][metrics] TotalPnL: 0.00, WinRate: 0.00%, MaxDrawdown: 0.00%
[2026-01-26 07:30:21.004710412 UTC][ERROR][data] Boş candle datası - işlem atlandı
[2026-01-26 07:30:21.004793852 UTC][INFO][metrics] TotalPnL: 0.00, WinRate: 0.00%, MaxDrawdown: 0.00%
[2026-01-26 07:30:31.005710178 UTC][ERROR][data] Boş candle datası - işlem atlandı
[2026-01-26 07:30:31.005789069 UTC][INFO][metrics] TotalPnL: 0.00, WinRate: 0.00%, MaxDrawdown: 0.00%
[2026-01-26 07:30:41.007226432 UTC][ERROR][data] Boş candle datası - işlem atlandı
[2026-01-26 07:30:41.007309766 UTC][INFO][metrics] TotalPnL: 0.00, WinRate: 0.00%, MaxDrawdown: 0.00%
[2026-01-26 07:30:51.008049621 UTC][ERROR][data] Boş candle datası - işlem atlandı
[2026-01-26 07:30:51.008121674 UTC][INFO][metrics] TotalPnL: 0.00, WinRate: 0.00%, MaxDrawdown: 0.00%
[2026-01-26 07:31:01.009444875 UTC][ERROR][data] Boş candle datası - işlem atlandı
[2026-01-26 07:31:01.009513985 UTC][INFO][metrics] TotalPnL: 0.00, WinRate: 0.00%, MaxDrawdown: 0.00%
[2026-01-26 07:31:11.010879923 UTC][ERROR][data] Boş candle datası - işlem atlandı
[2026-01-26 07:31:11.010937740 UTC][INFO][metrics] TotalPnL: 0.00, WinRate: 0.00%, MaxDrawdown: 0.00%
[2026-01-26 07:31:21.013334564 UTC][ERROR][data] Boş candle datası - işlem atlandı
[2026-01-26 07:31:21.013525041 UTC][INFO][metrics] TotalPnL: 0.00, WinRate: 0.00%, MaxDrawdown: 0.00%
[2026-01-26 07:31:31.015113397 UTC][ERROR][data] Boş candle datası - işlem atlandı
[2026-01-26 07:31:31.015194587 UTC][INFO][metrics] TotalPnL: 0.00, WinRate: 0.00%, MaxDrawdown: 0.00%
[2026-01-26 07:31:41.015992399 UTC][ERROR][data] Boş candle datası - işlem atlandı
[2026-01-26 07:31:41.016072279 UTC][INFO][metrics] TotalPnL: 0.00, WinRate: 0.00%, MaxDrawdown: 0.00%
[2026-01-26 07:31:51.017550834 UTC][ERROR][data] Boş candle datası - işlem atlandı
[2026-01-26 07:31:51.017620052 UTC][INFO][metrics] TotalPnL: 0.00, WinRate: 0.00%, MaxDrawdown: 0.00%
[2026-01-26 07:32:01.018967899 UTC][ERROR][data] Boş candle datası - işlem atlandı
[2026-01-26 07:32:01.019021049 UTC][INFO][metrics] TotalPnL: 0.00, WinRate: 0.00%, MaxDrawdown: 0.00%
[2026-01-26 07:32:11.020498005 UTC][ERROR][data] Boş candle datası - işlem atlandı
[2026-01-26 07:32:11.020646390 UTC][INFO][metrics] TotalPnL: 0.00, WinRate: 0.00%, MaxDrawdown: 0.00%
[2026-01-26 07:32:21.022049507 UTC][ERROR][data] Boş candle datası - işlem atlandı
[2026-01-26 07:32:21.022117465 UTC][INFO][metrics] TotalPnL: 0.00, WinRate: 0.00%, MaxDrawdown: 0.00%
[2026-01-26 07:32:31.022949613 UTC][ERROR][data] Boş candle datası - işlem atlandı
[2026-01-26 07:32:31.023019809 UTC][INFO][metrics] TotalPnL: 0.00, WinRate: 0.00%, MaxDrawdown: 0.00%
[2026-01-26 07:32:41.024481286 UTC][ERROR][data] Boş candle datası - işlem atlandı
[2026-01-26 07:32:41.024561842 UTC][INFO][metrics] TotalPnL: 0.00, WinRate: 0.00%, MaxDrawdown: 0.00%
[2026-01-26 07:32:51.025916039 UTC][ERROR][data] Boş candle datası - işlem atlandı
[2026-01-26 07:32:51.025993595 UTC][INFO][metrics] TotalPnL: 0.00, WinRate: 0.00%, MaxDrawdown: 0.00%
[2026-01-26 07:33:01.027091687 UTC][ERROR][data] Boş candle datası - işlem atlandı
[2026-01-26 07:33:01.027158532 UTC][INFO][metrics] TotalPnL: 0.00, WinRate: 0.00%, MaxDrawdown: 0.00%
[2026-01-26 07:33:11.028418595 UTC][ERROR][data] Boş candle datası - işlem atlandı
[2026-01-26 07:33:11.028495654 UTC][INFO][metrics] TotalPnL: 0.00, WinRate: 0.00%, MaxDrawdown: 0.00%
[2026-01-26 07:33:21.029841810 UTC][ERROR][data] Boş candle datası - işlem atlandı
[2026-01-26 07:33:21.029931919 UTC][INFO][metrics] TotalPnL: 0.00, WinRate: 0.00%, MaxDrawdown: 0.00%
[2026-01-26 07:33:31.031636520 UTC][ERROR][data] Boş candle datası - işlem atlandı
[2026-01-26 07:33:31.031716867 UTC][INFO][metrics] TotalPnL: 0.00, WinRate: 0.00%, MaxDrawdown: 0.00%
[2026-01-26 07:33:41.033149868 UTC][ERROR][data] Boş candle datası - işlem atlandı
[2026-01-26 07:33:41.033228542 UTC][INFO][metrics] TotalPnL: 0.00, WinRate: 0.00%, MaxDrawdown: 0.00%
[2026-01-26 07:33:51.034073971 UTC][ERROR][data] Boş candle datası - işlem atlandı
[2026-01-26 07:33:51.034136117 UTC][INFO][metrics] TotalPnL: 0.00, WinRate: 0.00%, MaxDrawdown: 0.00%
[2026-01-26 07:34:01.036952443 UTC][ERROR][data] Boş candle datası - işlem atlandı
[2026-01-26 07:34:01.037043772 UTC][INFO][metrics] TotalPnL: 0.00, WinRate: 0.00%, MaxDrawdown: 0.00%
[2026-01-26 07:34:11.038398538 UTC][ERROR][data] Boş candle datası - işlem atlandı
[2026-01-26 07:34:11.038458744 UTC][INFO][metrics] TotalPnL: 0.00, WinRate: 0.00%, MaxDrawdown: 0.00%
[2026-01-26 07:34:21.039972177 UTC][ERROR][data] Boş candle datası - işlem atlandı
[2026-01-26 07:34:21.040043650 UTC][INFO][metrics] TotalPnL: 0.00, WinRate: 0.00%, MaxDrawdown: 0.00%
[2026-01-26 07:34:31.041580103 UTC][ERROR][data] Boş candle datası - işlem atlandı
[2026-01-26 07:34:31.041650295 UTC][INFO][metrics] TotalPnL: 0.00, WinRate: 0.00%, MaxDrawdown: 0.00%
[2026-01-26 07:34:41.043147044 UTC][ERROR][data] Boş candle datası - işlem atlandı
[2026-01-26 07:34:41.043230039 UTC][INFO][metrics] TotalPnL: 0.00, WinRate: 0.00%, MaxDrawdown: 0.00%
[2026-01-26 07:34:51.043725126 UTC][ERROR][data] Boş candle datası - işlem atlandı
[2026-01-26 07:34:51.043784942 UTC][INFO][metrics] TotalPnL: 0.00, WinRate: 0.00%, MaxDrawdown: 0.00%
[2026-01-26 07:35:01.045260261 UTC][ERROR][data] Boş candle datası - işlem atlandı
[2026-01-26 07:35:01.045340298 UTC][INFO][metrics] TotalPnL: 0.00, WinRate: 0.00%, MaxDrawdown: 0.00%
[2026-01-26 07:35:11.045737068 UTC][ERROR][data] Boş candle datası - işlem atlandı
[2026-01-26 07:35:11.045817152 UTC][INFO][metrics] TotalPnL: 0.00, WinRate: 0.00%, MaxDrawdown: 0.00%
[2026-01-26 07:35:21.046902919 UTC][ERROR][data] Boş candle datası - işlem atlandı
[2026-01-26 07:35:21.046963775 UTC][INFO][metrics] TotalPnL: 0.00, WinRate: 0.00%, MaxDrawdown: 0.00%
[2026-01-26 07:35:31.048427760 UTC][ERROR][data] Boş candle datası - işlem atlandı
[2026-01-26 07:35:31.048505422 UTC][INFO][metrics] TotalPnL: 0.00, WinRate: 0.00%, MaxDrawdown: 0.00%
[2026-01-26 07:35:41.050022952 UTC][ERROR][data] Boş candle datası - işlem atlandı
[2026-01-26 07:35:41.050108492 UTC][INFO][metrics] TotalPnL: 0.00, WinRate: 0.00%, MaxDrawdown: 0.00%
[2026-01-26 07:35:51.051618143 UTC][ERROR][data] Boş candle datası - işlem atlandı
[2026-01-26 07:35:51.051698593 UTC][INFO][metrics] TotalPnL: 0.00, WinRate: 0.00%, MaxDrawdown: 0.00%
[2026-01-26 07:36:01.053068139 UTC][ERROR][data] Boş candle datası - işlem atlandı
[2026-01-26 07:36:01.053130254 UTC][INFO][metrics] TotalPnL: 0.00, WinRate: 0.00%, MaxDrawdown: 0.00%
[2026-01-26 07:36:11.054080283 UTC][ERROR][data] Boş candle datası - işlem atlandı
[2026-01-26 07:36:11.054143179 UTC][INFO][metrics] TotalPnL: 0.00, WinRate: 0.00%, MaxDrawdown: 0.00%
[2026-01-26 07:36:21.055661574 UTC][ERROR][data] Boş candle datası - işlem atlandı
[2026-01-26 07:36:21.055804732 UTC][INFO][metrics] TotalPnL: 0.00, WinRate: 0.00%, MaxDrawdown: 0.00%
[2026-01-26 07:36:31.057382150 UTC][ERROR][data] Boş candle datası - işlem atlandı
[2026-01-26 07:36:31.057439935 UTC][INFO][metrics] TotalPnL: 0.00, WinRate: 0.00%, MaxDrawdown: 0.00%
[2026-01-26 07:36:41.058900215 UTC][ERROR][data] Boş candle datası - işlem atlandı
[2026-01-26 07:36:41.058983228 UTC][INFO][metrics] TotalPnL: 0.00, WinRate: 0.00%, MaxDrawdown: 0.00%
[2026-01-26 07:36:51.060599007 UTC][ERROR][data] Boş candle datası - işlem atlandı
[2026-01-26 07:36:51.060676386 UTC][INFO][metrics] TotalPnL: 0.00, WinRate: 0.00%, MaxDrawdown: 0.00%
[2026-01-26 07:37:01.062065020 UTC][ERROR][data] Boş candle datası - işlem atlandı
[2026-01-26 07:37:01.062126502 UTC][INFO][metrics] TotalPnL: 0.00, WinRate: 0.00%, MaxDrawdown: 0.00%
[2026-01-26 07:37:11.063542745 UTC][ERROR][data] Boş candle datası - işlem atlandı
[2026-01-26 07:37:11.063615679 UTC][INFO][metrics] TotalPnL: 0.00, WinRate: 0.00%, MaxDrawdown: 0.00%
[2026-01-26 07:37:21.065138638 UTC][ERROR][data] Boş candle datası - işlem atlandı
[2026-01-26 07:37:21.065203048 UTC][INFO][metrics] TotalPnL: 0.00, WinRate: 0.00%, MaxDrawdown: 0.00%
[2026-01-26 07:37:31.065792376 UTC][ERROR][data] Boş candle datası - işlem atlandı
[2026-01-26 07:37:31.065893547 UTC][INFO][metrics] TotalPnL: 0.00, WinRate: 0.00%, MaxDrawdown: 0.00%
[2026-01-26 07:37:41.067052453 UTC][ERROR][data] Boş candle datası - işlem atlandı
[2026-01-26 07:37:41.067120467 UTC][INFO][metrics] TotalPnL: 0.00, WinRate: 0.00%, MaxDrawdown: 0.00%
[2026-01-26 07:37:51.068539201 UTC][ERROR][data] Boş candle datası - işlem atlandı
[2026-01-26 07:37:51.068621407 UTC][INFO][metrics] TotalPnL: 0.00, WinRate: 0.00%, MaxDrawdown: 0.00%
[2026-01-26 07:38:01.070102286 UTC][ERROR][data] Boş candle datası - işlem atlandı
[2026-01-26 07:38:01.070163786 UTC][INFO][metrics] TotalPnL: 0.00, WinRate: 0.00%, MaxDrawdown: 0.00%
[2026-01-26 07:38:11.071580505 UTC][ERROR][data] Boş candle datası - işlem atlandı
[2026-01-26 07:38:11.071662151 UTC][INFO][metrics] TotalPnL: 0.00, WinRate: 0.00%, MaxDrawdown: 0.00%
[2026-01-26 07:38:21.073041455 UTC][ERROR][data] Boş candle datası - işlem atlandı
[2026-01-26 07:38:21.073105894 UTC][INFO][metrics] TotalPnL: 0.00, WinRate: 0.00%, MaxDrawdown: 0.00%
[2026-01-26 07:38:31.074386971 UTC][ERROR][data] Boş candle datası - işlem atlandı
[2026-01-26 07:38:31.074462718 UTC][INFO][metrics] TotalPnL: 0.00, WinRate: 0.00%, MaxDrawdown: 0.00%
[2026-01-26 07:38:41.076102589 UTC][ERROR][data] Boş candle datası - işlem atlandı
[2026-01-26 07:38:41.076153981 UTC][INFO][metrics] TotalPnL: 0.00, WinRate: 0.00%, MaxDrawdown: 0.00%
[2026-01-26 07:38:51.077576257 UTC][ERROR][data] Boş candle datası - işlem atlandı
[2026-01-26 07:38:51.077646146 UTC][INFO][metrics] TotalPnL: 0.00, WinRate: 0.00%, MaxDrawdown: 0.00%
[2026-01-26 07:39:01.079027440 UTC][ERROR][data] Boş candle datası - işlem atlandı
[2026-01-26 07:39:01.079116390 UTC][INFO][metrics] TotalPnL: 0.00, WinRate: 0.00%, MaxDrawdown: 0.00%
[2026-01-26 07:39:11.080589952 UTC][ERROR][data] Boş candle datası - işlem atlandı
[2026-01-26 07:39:11.080665926 UTC][INFO][metrics] TotalPnL: 0.00, WinRate: 0.00%, MaxDrawdown: 0.00%
[2026-01-26 07:39:21.082082638 UTC][ERROR][data] Boş candle datası - işlem atlandı
[2026-01-26 07:39:21.082139208 UTC][INFO][metrics] TotalPnL: 0.00, WinRate: 0.00%, MaxDrawdown: 0.00%
[2026-01-26 07:39:31.083112709 UTC][ERROR][data] Boş candle datası - işlem atlandı
[2026-01-26 07:39:31.083178282 UTC][INFO][metrics] TotalPnL: 0.00, WinRate: 0.00%, MaxDrawdown: 0.00%
[2026-01-26 07:39:41.084240398 UTC][ERROR][data] Boş candle datası - işlem atlandı
[2026-01-26 07:39:41.084443489 UTC][INFO][metrics] TotalPnL: 0.00, WinRate: 0.00%, MaxDrawdown: 0.00%
[2026-01-26 07:39:51.086663318 UTC][ERROR][data] Boş candle datası - işlem atlandı
[2026-01-26 07:39:51.086816934 UTC][INFO][metrics] TotalPnL: 0.00, WinRate: 0.00%, MaxDrawdown: 0.00%
[2026-01-26 07:40:01.088053240 UTC][ERROR][data] Boş candle datası - işlem atlandı
[2026-01-26 07:40:01.088121795 UTC][INFO][metrics] TotalPnL: 0.00, WinRate: 0.00%, MaxDrawdown: 0.00%
[2026-01-26 07:40:11.089257039 UTC][ERROR][data] Boş candle datası - işlem atlandı
[2026-01-26 07:40:11.089399234 UTC][INFO][metrics] TotalPnL: 0.00, WinRate: 0.00%, MaxDrawdown: 0.00%
[2026-04-07 10:10:15.508021197 UTC][INFO][startup] DB snapshot'tan 1 açık pozisyon geri yüklendi
[2026-04-07 10:10:17.151661477 UTC][INFO][cache] CandleCache seed: BTCUSDT 100 candle [1m]
[2026-04-07 10:10:17.865476632 UTC][INFO][cache] CandleCache seed: BTCUSDT 200 candle [HTF=1h]
[2026-04-07 10:10:20.573486456 UTC][INFO][sinyal] Yüzde oylama (5 strateji): BUY=0% SELL=44% eşik=50% → HOLD
[2026-04-07 10:10:20.573593356 UTC][INFO][strategy] Seçilen strateji: STOCH_RSI | Rejim: normal | compare_strategies: MA | En iyi parametre: StrategyParams { fast: None, slow: None, period: None, overbought: None, oversold: None, fast_period: None, slow_period: None, signal_period: None, std_dev: None, bb_period: None }
[2026-04-07 10:10:20.573632231 UTC][INFO][sinyal] HOLD — MA crossover/threshold koşulu sağlanmadı (en iyi skor: 0.3648)
[2026-04-07 10:10:20.574184963 UTC][INFO][sinyal] Yüzde oylama (5 strateji): BUY=0% SELL=44% eşik=50% → HOLD
[2026-04-07 10:10:20.574266170 UTC][INFO][strategy] Seçilen strateji: STOCH_RSI | Rejim: normal | compare_strategies: MA | En iyi parametre: StrategyParams { fast: None, slow: None, period: None, overbought: None, oversold: None, fast_period: None, slow_period: None, signal_period: None, std_dev: None, bb_period: None }
[2026-04-07 10:10:20.574304553 UTC][INFO][sinyal] HOLD — MA crossover/threshold koşulu sağlanmadı (en iyi skor: 0.3648)
[2026-04-07 10:10:20.574800011 UTC][INFO][sinyal] Yüzde oylama (5 strateji): BUY=0% SELL=44% eşik=50% → HOLD
[2026-04-07 10:10:20.574859764 UTC][INFO][strategy] Seçilen strateji: STOCH_RSI | Rejim: normal | compare_strategies: MA | En iyi parametre: StrategyParams { fast: None, slow: None, period: None, overbought: None, oversold: None, fast_period: None, slow_period: None, signal_period: None, std_dev: None, bb_period: None }
[2026-04-07 10:10:20.574891087 UTC][INFO][sinyal] HOLD — MA crossover/threshold koşulu sağlanmadı (en iyi skor: 0.3648)
[2026-04-07 10:10:20.575396518 UTC][INFO][sinyal] Yüzde oylama (5 strateji): BUY=0% SELL=44% eşik=50% → HOLD
[2026-04-07 10:10:20.575459513 UTC][INFO][strategy] Seçilen strateji: STOCH_RSI | Rejim: normal | compare_strategies: MA | En iyi parametre: StrategyParams { fast: None, slow: None, period: None, overbought: None, oversold: None, fast_period: None, slow_period: None, signal_period: None, std_dev: None, bb_period: None }
[2026-04-07 10:10:20.575521297 UTC][INFO][sinyal] HOLD — MA crossover/threshold koşulu sağlanmadı (en iyi skor: 0.3648)
[2026-04-07 10:10:20.621016945 UTC][INFO][quality] Kalite esikleri guncel: rr>=1.20, vol=[0.05%, 3.00%]
[2026-04-07 10:11:23.491156309 UTC][INFO][sinyal] Yüzde oylama (5 strateji): BUY=0% SELL=54% eşik=50% → SELL
[2026-04-07 10:11:23.491292682 UTC][INFO][strategy] Seçilen strateji: STOCH_RSI | Rejim: normal | compare_strategies: MA | En iyi parametre: StrategyParams { fast: None, slow: None, period: None, overbought: None, oversold: None, fast_period: None, slow_period: None, signal_period: None, std_dev: None, bb_period: None }
[2026-04-07 10:11:23.491349525 UTC][INFO][startup-cooldown] ⏳ BTCUSDT startup cooldown — 23 sn kaldı, sinyal bekleniyor
[2026-04-07 10:11:23.491880271 UTC][INFO][sinyal] Yüzde oylama (5 strateji): BUY=0% SELL=54% eşik=50% → SELL
[2026-04-07 10:11:23.491943566 UTC][INFO][strategy] Seçilen strateji: STOCH_RSI | Rejim: normal | compare_strategies: MA | En iyi parametre: StrategyParams { fast: None, slow: None, period: None, overbought: None, oversold: None, fast_period: None, slow_period: None, signal_period: None, std_dev: None, bb_period: None }
[2026-04-07 10:11:23.491986199 UTC][INFO][startup-cooldown] ⏳ ETHUSDT startup cooldown — 23 sn kaldı, sinyal bekleniyor
[2026-04-07 10:11:23.492501790 UTC][INFO][sinyal] Yüzde oylama (5 strateji): BUY=0% SELL=54% eşik=50% → SELL
[2026-04-07 10:11:23.492565316 UTC][INFO][strategy] Seçilen strateji: STOCH_RSI | Rejim: normal | compare_strategies: MA | En iyi parametre: StrategyParams { fast: None, slow: None, period: None, overbought: None, oversold: None, fast_period: None, slow_period: None, signal_period: None, std_dev: None, bb_period: None }
[2026-04-07 10:11:23.492607885 UTC][INFO][startup-cooldown] ⏳ BNBUSDT startup cooldown — 23 sn kaldı, sinyal bekleniyor
[2026-04-07 10:11:23.493102544 UTC][INFO][sinyal] Yüzde oylama (5 strateji): BUY=0% SELL=54% eşik=50% → SELL
[2026-04-07 10:11:23.493163029 UTC][INFO][strategy] Seçilen strateji: STOCH_RSI | Rejim: normal | compare_strategies: MA | En iyi parametre: StrategyParams { fast: None, slow: None, period: None, overbought: None, oversold: None, fast_period: None, slow_period: None, signal_period: None, std_dev: None, bb_period: None }
[2026-04-07 10:11:23.493205381 UTC][INFO][startup-cooldown] ⏳ SOLUSDT startup cooldown — 23 sn kaldı, sinyal bekleniyor
[2026-04-07 10:11:23.538508871 UTC][INFO][quality] Kalite esikleri guncel: rr>=1.20, vol=[0.05%, 3.00%]
[2026-04-07 10:12:26.754042179 UTC][INFO][sinyal] Yüzde oylama (5 strateji): BUY=0% SELL=68% eşik=50% → SELL
[2026-04-07 10:12:26.754201051 UTC][INFO][strategy] Seçilen strateji: VWAP | Rejim: normal | compare_strategies: MA | En iyi parametre: StrategyParams { fast: None, slow: None, period: None, overbought: None, oversold: None, fast_period: None, slow_period: None, signal_period: None, std_dev: None, bb_period: None }
[2026-04-07 10:12:26.754444271 UTC][INFO][warmup] ⏳ BTCUSDT WS fiyatı henüz gelmedi — ilk tick bekleniyor
[2026-04-07 10:12:26.755213063 UTC][INFO][sinyal] Yüzde oylama (5 strateji): BUY=0% SELL=68% eşik=50% → SELL
[2026-04-07 10:12:26.755318235 UTC][INFO][strategy] Seçilen strateji: VWAP | Rejim: normal | compare_strategies: MA | En iyi parametre: StrategyParams { fast: None, slow: None, period: None, overbought: None, oversold: None, fast_period: None, slow_period: None, signal_period: None, std_dev: None, bb_period: None }
[2026-04-07 10:12:26.755502978 UTC][INFO][warmup] ⏳ ETHUSDT WS fiyatı henüz gelmedi — ilk tick bekleniyor
[2026-04-07 10:12:26.756209955 UTC][INFO][sinyal] Yüzde oylama (5 strateji): BUY=0% SELL=68% eşik=50% → SELL
[2026-04-07 10:12:26.756311452 UTC][INFO][strategy] Seçilen strateji: VWAP | Rejim: normal | compare_strategies: MA | En iyi parametre: StrategyParams { fast: None, slow: None, period: None, overbought: None, oversold: None, fast_period: None, slow_period: None, signal_period: None, std_dev: None, bb_period: None }
[2026-04-07 10:12:26.756522672 UTC][INFO][warmup] ⏳ BNBUSDT WS fiyatı henüz gelmedi — ilk tick bekleniyor
[2026-04-07 10:12:26.757217155 UTC][INFO][sinyal] Yüzde oylama (5 strateji): BUY=0% SELL=68% eşik=50% → SELL
[2026-04-07 10:12:26.757312649 UTC][INFO][strategy] Seçilen strateji: VWAP | Rejim: normal | compare_strategies: MA | En iyi parametre: StrategyParams { fast: None, slow: None, period: None, overbought: None, oversold: None, fast_period: None, slow_period: None, signal_period: None, std_dev: None, bb_period: None }
[2026-04-07 10:12:26.757551679 UTC][INFO][warmup] ⏳ SOLUSDT WS fiyatı henüz gelmedi — ilk tick bekleniyor
[2026-04-07 10:12:26.810497862 UTC][INFO][quality] Kalite esikleri guncel: rr>=1.20, vol=[0.05%, 3.00%]
[2026-04-07 10:13:23.031908930 UTC][INFO][startup] DB snapshot'tan 1 açık pozisyon geri yüklendi
[2026-04-07 10:13:23.926045629 UTC][INFO][cache] CandleCache seed: BTCUSDT 100 candle [1m]
[2026-04-07 10:13:24.647177210 UTC][INFO][cache] CandleCache seed: BTCUSDT 200 candle [HTF=1h]
[2026-04-07 10:13:27.272288386 UTC][INFO][sinyal] Yüzde oylama (5 strateji): BUY=0% SELL=69% eşik=50% → SELL
[2026-04-07 10:13:27.272438012 UTC][INFO][strategy] Seçilen strateji: VWAP | Rejim: normal | compare_strategies: MA | En iyi parametre: StrategyParams { fast: None, slow: None, period: None, overbought: None, oversold: None, fast_period: None, slow_period: None, signal_period: None, std_dev: None, bb_period: None }
[2026-04-07 10:13:27.272496058 UTC][ERROR][htf-filter] HTF (1h) yukarı trend — SELL sinyali engellendi
[2026-04-07 10:13:27.273258180 UTC][INFO][sinyal] Yüzde oylama (5 strateji): BUY=0% SELL=69% eşik=50% → SELL
[2026-04-07 10:13:27.273348602 UTC][INFO][strategy] Seçilen strateji: VWAP | Rejim: normal | compare_strategies: MA | En iyi parametre: StrategyParams { fast: None, slow: None, period: None, overbought: None, oversold: None, fast_period: None, slow_period: None, signal_period: None, std_dev: None, bb_period: None }
[2026-04-07 10:13:27.273397081 UTC][ERROR][htf-filter] HTF (1h) yukarı trend — SELL sinyali engellendi
[2026-04-07 10:13:27.274089028 UTC][INFO][sinyal] Yüzde oylama (5 strateji): BUY=0% SELL=69% eşik=50% → SELL
[2026-04-07 10:13:27.274169703 UTC][INFO][strategy] Seçilen strateji: VWAP | Rejim: normal | compare_strategies: MA | En iyi parametre: StrategyParams { fast: None, slow: None, period: None, overbought: None, oversold: None, fast_period: None, slow_period: None, signal_period: None, std_dev: None, bb_period: None }
[2026-04-07 10:13:27.274216257 UTC][ERROR][htf-filter] HTF (1h) yukarı trend — SELL sinyali engellendi
[2026-04-07 10:13:27.274929730 UTC][INFO][sinyal] Yüzde oylama (5 strateji): BUY=0% SELL=69% eşik=50% → SELL
[2026-04-07 10:13:27.275012028 UTC][INFO][strategy] Seçilen strateji: VWAP | Rejim: normal | compare_strategies: MA | En iyi parametre: StrategyParams { fast: None, slow: None, period: None, overbought: None, oversold: None, fast_period: None, slow_period: None, signal_period: None, std_dev: None, bb_period: None }
[2026-04-07 10:13:27.275059158 UTC][ERROR][htf-filter] HTF (1h) yukarı trend — SELL sinyali engellendi
[2026-04-07 10:13:27.329308592 UTC][INFO][quality] Kalite esikleri guncel: rr>=1.20, vol=[0.05%, 3.00%]
[2026-04-30 08:29:20.024531081 UTC][INFO][startup] DB snapshot'tan 2 açık pozisyon geri yüklendi
[2026-04-30 08:29:23.225730380 UTC][ERROR][cache] Seed fetch hatası: Unknown error: Binance JSON parse hatası: error decoding response body
[2026-04-30 08:29:23.769369791 UTC][INFO][cache] CandleCache seed: BEATUSDT 0 candle [HTF=1h]
[2026-04-30 08:29:24.289608476 UTC][ERROR][fetcher] 1m veri çekme hatası: Unknown error: Binance JSON parse hatası: error decoding response body (symbol=BEATUSDT, market=Spot)
[2026-04-30 08:29:29.984207708 UTC][ERROR][fetcher] 1m veri çekme hatası: Unknown error: Binance JSON parse hatası: error decoding response body (symbol=BEATUSDT, market=Spot)
[2026-04-30 08:29:40.430014796 UTC][ERROR][fetcher] 1m veri çekme hatası: Unknown error: Binance JSON parse hatası: error decoding response body (symbol=BEATUSDT, market=Spot)
[2026-04-30 08:30:00.958016356 UTC][ERROR][fetcher] 1m veri çekme hatası: Unknown error: Binance JSON parse hatası: error decoding response body (symbol=BEATUSDT, market=Spot)
[2026-04-30 08:30:41.565099291 UTC][ERROR][fetcher] 1m veri çekme hatası: Unknown error: Binance JSON parse hatası: error decoding response body (symbol=BEATUSDT, market=Spot)
[2026-04-30 08:35:06.394927838 UTC][INFO][startup] DB snapshot'tan 1 açık pozisyon geri yüklendi
[2026-04-30 08:35:09.442035309 UTC][INFO][cache] CandleCache seed: BTCUSDT 100 candle [1m]
[2026-04-30 08:35:09.970201716 UTC][INFO][cache] CandleCache seed: BTCUSDT 200 candle [HTF=1h]
[2026-04-30 08:35:22.532486328 UTC][INFO][regime] 📊 ADX rejim: Nötr → Trending(EMA/ST) (ADX=37.0) [BTCUSDT]
[2026-04-30 08:35:22.532827039 UTC][INFO][sinyal] Yüzde oylama (8 strateji): BUY=0% SELL=52% eşik=38% → SELL
[2026-04-30 08:35:22.532919782 UTC][INFO][strategy] Seçilen strateji: ICT_FVG | Rejim: normal | compare_strategies: MA | En iyi parametre: StrategyParams { fast: Some(5), slow: Some(20), period: Some(14), overbought: Some(70.0), oversold: Some(30.0), fast_period: Some(12), slow_period: Some(26), signal_period: Some(9), std_dev: Some(2.0), bb_period: Some(20) }
[2026-04-30 08:35:22.533137398 UTC][INFO][scalp-swing] [BTCUSDT] mod=SKALP+SWING mumlar=200
[2026-04-30 08:35:23.177042363 UTC][INFO][scalp-sl] BTCUSDT SL/TP: ATR=0.079% SL=0.80%(floor=0.80%) TP=0.96% (×2.0)
[2026-04-30 08:35:23.177104820 UTC][ERROR][scalp-swing] BTCUSDT LONG emir doldurma başarısız
[2026-04-30 08:35:23.696454096 UTC][ERROR][scalp-swing] ⛔ BTCUSDT Spot piyasasında SHORT (SCP/SWG) açılamaz — atlandı
[2026-04-30 08:35:23.696741667 UTC][INFO][sinyal] Yüzde oylama (8 strateji): BUY=0% SELL=52% eşik=38% → SELL
[2026-04-30 08:35:23.696766955 UTC][INFO][strategy] Seçilen strateji: ICT_FVG | Rejim: normal | compare_strategies: MA | En iyi parametre: StrategyParams { fast: Some(5), slow: Some(20), period: Some(14), overbought: Some(70.0), oversold: Some(30.0), fast_period: Some(12), slow_period: Some(26), signal_period: Some(9), std_dev: Some(2.0), bb_period: Some(20) }
[2026-04-30 08:35:23.696913951 UTC][INFO][scalp-swing] [ETHUSDT] mod=SKALP+SWING mumlar=200
[2026-04-30 08:35:24.199448090 UTC][INFO][scalp-sl] ETHUSDT SL/TP: ATR=0.115% SL=0.80%(floor=0.80%) TP=0.96% (×2.0)
[2026-04-30 08:35:24.199500235 UTC][ERROR][scalp-swing] ⛔ ETHUSDT Spot piyasasında SHORT (SCP/SWG) açılamaz — atlandı
[2026-04-30 08:35:24.661278173 UTC][INFO][scalp-swing] ⛔ ETHUSDT SHORT duplicate koruma — son giriş 0 sn önce (60 sn pencere)
[2026-04-30 08:35:24.661545870 UTC][INFO][sinyal] Yüzde oylama (8 strateji): BUY=0% SELL=52% eşik=38% → SELL
[2026-04-30 08:35:24.661572352 UTC][INFO][strategy] Seçilen strateji: ICT_FVG | Rejim: normal | compare_strategies: MA | En iyi parametre: StrategyParams { fast: Some(5), slow: Some(20), period: Some(14), overbought: Some(70.0), oversold: Some(30.0), fast_period: Some(12), slow_period: Some(26), signal_period: Some(9), std_dev: Some(2.0), bb_period: Some(20) }
[2026-04-30 08:35:24.661734532 UTC][INFO][scalp-swing] [BNBUSDT] mod=SKALP+SWING mumlar=200
[2026-04-30 08:35:25.203193622 UTC][INFO][scalp-sl] BNBUSDT SL/TP: ATR=0.064% SL=0.80%(floor=0.80%) TP=0.96% (×2.0)
[2026-04-30 08:35:25.203247700 UTC][ERROR][scalp-swing] ⛔ BNBUSDT Spot piyasasında SHORT (SCP/SWG) açılamaz — atlandı
[2026-04-30 08:35:25.737233568 UTC][INFO][scalp-swing] ⛔ BNBUSDT SHORT duplicate koruma — son giriş 0 sn önce (60 sn pencere)
[2026-04-30 08:35:25.737512849 UTC][INFO][sinyal] Yüzde oylama (8 strateji): BUY=0% SELL=52% eşik=38% → SELL
[2026-04-30 08:35:25.737538705 UTC][INFO][strategy] Seçilen strateji: ICT_FVG | Rejim: normal | compare_strategies: MA | En iyi parametre: StrategyParams { fast: Some(5), slow: Some(20), period: Some(14), overbought: Some(70.0), oversold: Some(30.0), fast_period: Some(12), slow_period: Some(26), signal_period: Some(9), std_dev: Some(2.0), bb_period: Some(20) }
[2026-04-30 08:35:25.737693029 UTC][INFO][scalp-swing] [SOLUSDT] mod=SKALP+SWING mumlar=200
[2026-04-30 08:35:26.189609577 UTC][INFO][scalp] SOLUSDT sinyal yok — skor=0.55 < eşik=0.60 | Scalp SELL | EMA5=83.2203 EMA13=83.2472 RSI7=38.9 BB[83.4013,83.1377] vol_spike=false score=0.55
[2026-04-30 08:35:26.655977697 UTC][ERROR][scalp-swing] ⛔ SOLUSDT Spot piyasasında SHORT (SCP/SWG) açılamaz — atlandı
[2026-04-30 08:35:31.667303549 UTC][INFO][quality] Kalite esikleri guncel: rr>=1.20, vol=[0.05%, 3.00%]
